{"numTotalTestSuites":6,"numPassedTestSuites":0,"numFailedTestSuites":6,"numPendingTestSuites":0,"numTotalTests":0,"numPassedTests":0,"numFailedTests":0,"numPendingTests":0,"numTodoTests":0,"snapshot":{"added":0,"failure":false,"filesAdded":0,"filesRemoved":0,"filesRemovedList":[],"filesUnmatched":0,"filesUpdated":0,"matched":0,"total":0,"unchecked":0,"uncheckedKeysByFile":[],"unmatched":0,"updated":0,"didUpdate":false},"startTime":1753984147335,"success":false,"testResults":[{"assertionResults":[],"startTime":1753984147335,"endTime":1753984147335,"status":"failed","message":"Cannot read properties of undefined (reading 'BASE_URL')","name":"/Users/gnotnuk/Documents/gifttracker/src/test/e2e/complete-user-flow.test.tsx"},{"assertionResults":[],"startTime":1753984147335,"endTime":1753984147335,"status":"failed","message":"[vitest] There was an error when mocking a module. If you are using \"vi.mock\" factory, make sure there are no top level variables inside, since this call is hoisted to top of the file. Read more: https://vitest.dev/api/vi.html#vi-mock","name":"/Users/gnotnuk/Documents/gifttracker/src/pages/__tests__/Login.test.tsx"},{"assertionResults":[],"startTime":1753984147335,"endTime":1753984147335,"status":"failed","message":"[vitest] There was an error when mocking a module. If you are using \"vi.mock\" factory, make sure there are no top level variables inside, since this call is hoisted to top of the file. Read more: https://vitest.dev/api/vi.html#vi-mock","name":"/Users/gnotnuk/Documents/gifttracker/src/test/integration/auth-flow.test.tsx"},{"assertionResults":[],"startTime":1753984147335,"endTime":1753984147335,"status":"failed","message":"[vitest] There was an error when mocking a module. If you are using \"vi.mock\" factory, make sure there are no top level variables inside, since this call is hoisted to top of the file. Read more: https://vitest.dev/api/vi.html#vi-mock","name":"/Users/gnotnuk/Documents/gifttracker/src/contexts/__tests__/AuthContext.test.tsx"},{"assertionResults":[],"startTime":1753984147335,"endTime":1753984147335,"status":"failed","message":"[vitest] There was an error when mocking a module. If you are using \"vi.mock\" factory, make sure there are no top level variables inside, since this call is hoisted to top of the file. Read more: https://vitest.dev/api/vi.html#vi-mock","name":"/Users/gnotnuk/Documents/gifttracker/src/__tests__/App.test.tsx"},{"assertionResults":[],"startTime":1753984147335,"endTime":1753984147335,"status":"failed","message":"Cannot read properties of undefined (reading 'BASE_URL')","name":"/Users/gnotnuk/Documents/gifttracker/src/test/integration/gift-management.test.tsx"}]}